Performing C++ SOURCE FILE Test CMAKE_HAVE_LIBC_PTHREAD failed with the following output:
Change Dir: /home/fyxy/Schreibtisch/simulator/cpp/cmake-build-debug/CMakeFiles/CMakeTmp

Run Build Command(s):/usr/bin/make -f Makefile cmTC_8b6ac/fast && /usr/bin/make  -f CMakeFiles/cmTC_8b6ac.dir/build.make CMakeFiles/cmTC_8b6ac.dir/build
make[1]: Verzeichnis „/home/fyxy/Schreibtisch/simulator/cpp/cmake-build-debug/CMakeFiles/CMakeTmp“ wird betreten
Building CXX object CMakeFiles/cmTC_8b6ac.dir/src.cxx.o
/usr/bin/c++ -DCMAKE_HAVE_LIBC_PTHREAD  -fPIE -std=c++17 -o CMakeFiles/cmTC_8b6ac.dir/src.cxx.o -c /home/fyxy/Schreibtisch/simulator/cpp/cmake-build-debug/CMakeFiles/CMakeTmp/src.cxx
Linking CXX executable cmTC_8b6ac
/snap/clion/162/bin/cmake/linux/bin/cmake -E cmake_link_script CMakeFiles/cmTC_8b6ac.dir/link.txt --verbose=1
/usr/bin/c++ CMakeFiles/cmTC_8b6ac.dir/src.cxx.o -o cmTC_8b6ac 
/usr/bin/ld: CMakeFiles/cmTC_8b6ac.dir/src.cxx.o: in function `main':
src.cxx:(.text+0x46): undefined reference to `pthread_create'
/usr/bin/ld: src.cxx:(.text+0x52): undefined reference to `pthread_detach'
/usr/bin/ld: src.cxx:(.text+0x5e): undefined reference to `pthread_cancel'
/usr/bin/ld: src.cxx:(.text+0x6f): undefined reference to `pthread_join'
collect2: error: ld returned 1 exit status
make[1]: *** [CMakeFiles/cmTC_8b6ac.dir/build.make:99: cmTC_8b6ac] Fehler 1
make[1]: Verzeichnis „/home/fyxy/Schreibtisch/simulator/cpp/cmake-build-debug/CMakeFiles/CMakeTmp“ wird verlassen
make: *** [Makefile:127: cmTC_8b6ac/fast] Fehler 2


Source file was:
#include <pthread.h>

static void* test_func(void* data)
{
  return data;
}

int main(void)
{
  pthread_t thread;
  pthread_create(&thread, NULL, test_func, NULL);
  pthread_detach(thread);
  pthread_cancel(thread);
  pthread_join(thread, NULL);
  pthread_atfork(NULL, NULL, NULL);
  pthread_exit(NULL);

  return 0;
}

Determining if the function pthread_create exists in the pthreads failed with the following output:
Change Dir: /home/fyxy/Schreibtisch/simulator/cpp/cmake-build-debug/CMakeFiles/CMakeTmp

Run Build Command(s):/usr/bin/make -f Makefile cmTC_69df9/fast && /usr/bin/make  -f CMakeFiles/cmTC_69df9.dir/build.make CMakeFiles/cmTC_69df9.dir/build
make[1]: Verzeichnis „/home/fyxy/Schreibtisch/simulator/cpp/cmake-build-debug/CMakeFiles/CMakeTmp“ wird betreten
Building CXX object CMakeFiles/cmTC_69df9.dir/CheckFunctionExists.cxx.o
/usr/bin/c++   -DCHECK_FUNCTION_EXISTS=pthread_create -fPIE -std=c++17 -o CMakeFiles/cmTC_69df9.dir/CheckFunctionExists.cxx.o -c /home/fyxy/Schreibtisch/simulator/cpp/cmake-build-debug/CMakeFiles/CheckLibraryExists/CheckFunctionExists.cxx
Linking CXX executable cmTC_69df9
/snap/clion/162/bin/cmake/linux/bin/cmake -E cmake_link_script CMakeFiles/cmTC_69df9.dir/link.txt --verbose=1
/usr/bin/c++  -DCHECK_FUNCTION_EXISTS=pthread_create CMakeFiles/cmTC_69df9.dir/CheckFunctionExists.cxx.o -o cmTC_69df9  -lpthreads 
/usr/bin/ld: -lpthreads kann nicht gefunden werden
collect2: error: ld returned 1 exit status
make[1]: *** [CMakeFiles/cmTC_69df9.dir/build.make:99: cmTC_69df9] Fehler 1
make[1]: Verzeichnis „/home/fyxy/Schreibtisch/simulator/cpp/cmake-build-debug/CMakeFiles/CMakeTmp“ wird verlassen
make: *** [Makefile:127: cmTC_69df9/fast] Fehler 2



